<?xml version="1.0" encoding="UTF-8"?>
<!-- Generated by org.testng.reporters.JUnitXMLReporter -->
<testsuite ignored="2" hostname="LAPTOP-JH6L6V8L" failures="2" tests="3" name="Test" time="72.8" errors="0" timestamp="2023-04-15T13:24:15 IST">
  <testcase classname="vtiger.Contacts.Tests.CreateContactWithOrganizationTest" name="createContactWithOrgTest" time="11.416">
    <failure type="java.lang.AssertionError" message="null">
      <![CDATA[java.lang.AssertionError: null
at vtiger.Contacts.Tests.CreateContactWithOrganizationTest.createContactWithOrgTest(CreateContactWithOrganizationTest.java:44)
at java.base/java.util.ArrayList.forEach(ArrayList.java:1511)
... Removed 27 stack frames]]>
    </failure>
  </testcase> <!-- createContactWithOrgTest -->
  <testcase classname="vtiger.Contacts.Tests.CreateContactWithOrganizationTest" name="demo" time="0.01">
    <failure type="java.lang.AssertionError" message="null">
      <![CDATA[java.lang.AssertionError: null
at vtiger.Contacts.Tests.CreateContactWithOrganizationTest.demo(CreateContactWithOrganizationTest.java:63)
at java.base/java.util.ArrayList.forEach(ArrayList.java:1511)
... Removed 27 stack frames]]>
    </failure>
  </testcase> <!-- demo -->
  <testcase classname="vtiger.Organization.Tests.CreateOrganizationTest" name="createOrganizationTest" time="11.231"/>
  <testcase classname="vtiger.GeneralUtility.BaseClass" name="@BeforeSuite bsConfig" time="0.0">
    <ignored/>
  </testcase> <!-- @BeforeSuite bsConfig -->
  <testcase classname="vtiger.GeneralUtility.BaseClass" name="@AfterSuite asConfig" time="0.0">
    <ignored/>
  </testcase> <!-- @AfterSuite asConfig -->
</testsuite> <!-- Test -->
