<?xml version="1.0" encoding="UTF-8"?>
<testng-results ignored="0" total="1" passed="1" failed="0" skipped="0">
  <reporter-output>
  </reporter-output>
  <suite started-at="2023-04-07T12:11:53 IST" name="Default suite" finished-at="2023-04-07T12:12:36 IST" duration-ms="43095">
    <groups>
    </groups>
    <test started-at="2023-04-07T12:11:53 IST" name="Default test" finished-at="2023-04-07T12:12:36 IST" duration-ms="43095">
      <class name="vtiger.Organization.Tests.CreateOrganizationTest">
        <test-method is-config="true" signature="bsConfig()[pri:0, instance:vtiger.Organization.Tests.CreateOrganizationTest@4fb0f2b9]" started-at="2023-04-07T12:11:53 IST" name="bsConfig" finished-at="2023-04-07T12:11:53 IST" duration-ms="14" status="PASS">
          <reporter-output>
          </reporter-output>
        </test-method> <!-- bsConfig -->
        <test-method is-config="true" signature="bcConfig()[pri:0, instance:vtiger.Organization.Tests.CreateOrganizationTest@4fb0f2b9]" started-at="2023-04-07T12:11:53 IST" name="bcConfig" finished-at="2023-04-07T12:12:01 IST" duration-ms="7648" status="PASS">
          <reporter-output>
          </reporter-output>
        </test-method> <!-- bcConfig -->
        <test-method is-config="true" signature="bmConfig()[pri:0, instance:vtiger.Organization.Tests.CreateOrganizationTest@4fb0f2b9]" started-at="2023-04-07T12:12:01 IST" name="bmConfig" finished-at="2023-04-07T12:12:06 IST" duration-ms="5361" status="PASS">
          <reporter-output>
          </reporter-output>
        </test-method> <!-- bmConfig -->
        <test-method signature="createOrganizationTest()[pri:0, instance:vtiger.Organization.Tests.CreateOrganizationTest@4fb0f2b9]" started-at="2023-04-07T12:12:06 IST" name="createOrganizationTest" finished-at="2023-04-07T12:12:33 IST" duration-ms="26937" status="PASS">
          <reporter-output>
          </reporter-output>
        </test-method> <!-- createOrganizationTest -->
        <test-method is-config="true" signature="amConfig()[pri:0, instance:vtiger.Organization.Tests.CreateOrganizationTest@4fb0f2b9]" started-at="2023-04-07T12:12:33 IST" name="amConfig" finished-at="2023-04-07T12:12:36 IST" duration-ms="3077" status="PASS">
          <reporter-output>
          </reporter-output>
        </test-method> <!-- amConfig -->
        <test-method is-config="true" signature="acConfig()[pri:0, instance:vtiger.Organization.Tests.CreateOrganizationTest@4fb0f2b9]" started-at="2023-04-07T12:12:36 IST" name="acConfig" finished-at="2023-04-07T12:12:36 IST" duration-ms="15" status="FAIL">
          <exception class="org.openqa.selenium.NoSuchSessionException">
            <message>
              <![CDATA[Session ID is null. Using WebDriver after calling quit()?
Build info: version: '4.8.1', revision: '8ebccac989'
System info: os.name: 'Windows 11', os.arch: 'amd64', os.version: '10.0', java.version: '18.0.2'
Driver info: org.openqa.selenium.firefox.FirefoxDriver
Command: [null, actions {actions=[org.openqa.selenium.interactions.Sequence@7730ef88]}]
Capabilities {acceptInsecureCerts: true, browserName: firefox, browserVersion: 111.0, moz:accessibilityChecks: false, moz:buildID: 20230309232128, moz:debuggerAddress: 127.0.0.1:18918, moz:geckodriverVersion: 0.31.0, moz:headless: false, moz:platformVersion: 10.0, moz:processID: 8684, moz:profile: C:\Users\PIYUSH~1\AppData\L..., moz:shutdownTimeout: 60000, moz:useNonSpecCompliantPointerOrigin: false, moz:webdriverClick: true, moz:windowless: false, pageLoadStrategy: normal, platformName: WINDOWS, proxy: Proxy(), se:cdp: ws://127.0.0.1:18918/devtoo..., se:cdpVersion: 85.0, setWindowRect: true, strictFileInteractability: false, timeouts: {implicit: 0, pageLoad: 300000, script: 30000}, unhandledPromptBehavior: dismiss and notify}]]>
            </message>
            <full-stacktrace>
              <![CDATA[org.openqa.selenium.NoSuchSessionException: Session ID is null. Using WebDriver after calling quit()?
Build info: version: '4.8.1', revision: '8ebccac989'
System info: os.name: 'Windows 11', os.arch: 'amd64', os.version: '10.0', java.version: '18.0.2'
Driver info: org.openqa.selenium.firefox.FirefoxDriver
Command: [null, actions {actions=[org.openqa.selenium.interactions.Sequence@7730ef88]}]
Capabilities {acceptInsecureCerts: true, browserName: firefox, browserVersion: 111.0, moz:accessibilityChecks: false, moz:buildID: 20230309232128, moz:debuggerAddress: 127.0.0.1:18918, moz:geckodriverVersion: 0.31.0, moz:headless: false, moz:platformVersion: 10.0, moz:processID: 8684, moz:profile: C:\Users\PIYUSH~1\AppData\L..., moz:shutdownTimeout: 60000, moz:useNonSpecCompliantPointerOrigin: false, moz:webdriverClick: true, moz:windowless: false, pageLoadStrategy: normal, platformName: WINDOWS, proxy: Proxy(), se:cdp: ws://127.0.0.1:18918/devtoo..., se:cdpVersion: 85.0, setWindowRect: true, strictFileInteractability: false, timeouts: {implicit: 0, pageLoad: 300000, script: 30000}, unhandledPromptBehavior: dismiss and notify}
at org.openqa.selenium.remote.HttpCommandExecutor.execute(HttpCommandExecutor.java:145)
at org.openqa.selenium.remote.service.DriverCommandExecutor.invokeExecute(DriverCommandExecutor.java:167)
at org.openqa.selenium.remote.service.DriverCommandExecutor.execute(DriverCommandExecutor.java:142)
at org.openqa.selenium.remote.RemoteWebDriver.execute(RemoteWebDriver.java:543)
at org.openqa.selenium.remote.RemoteWebDriver.perform(RemoteWebDriver.java:611)
at org.openqa.selenium.interactions.Actions$BuiltAction.perform(Actions.java:567)
at org.openqa.selenium.interactions.Actions.perform(Actions.java:536)
at vtiger.GeneralUtility.WebDriverUtility.mouseHoverAction(WebDriverUtility.java:146)
at vtiger.ObjectRepository.HomePage.SignoutFromApp(HomePage.java:55)
at vtiger.GeneralUtility.BaseClass.acConfig(BaseClass.java:87)
at java.base/jdk.internal.reflect.DirectMethodHandleAccessor.invoke(DirectMethodHandleAccessor.java:104)
at java.base/java.lang.reflect.Method.invoke(Method.java:577)
at org.testng.internal.MethodInvocationHelper.invokeMethod(MethodInvocationHelper.java:133)
at org.testng.internal.MethodInvocationHelper.invokeMethodConsideringTimeout(MethodInvocationHelper.java:62)
at org.testng.internal.ConfigInvoker.invokeConfigurationMethod(ConfigInvoker.java:385)
at org.testng.internal.ConfigInvoker.invokeConfigurations(ConfigInvoker.java:321)
at org.testng.internal.TestMethodWorker.invokeAfterClassMethods(TestMethodWorker.java:217)
at org.testng.internal.TestMethodWorker.run(TestMethodWorker.java:130)
at java.base/java.util.ArrayList.forEach(ArrayList.java:1511)
at org.testng.TestRunner.privateRun(TestRunner.java:794)
at org.testng.TestRunner.run(TestRunner.java:596)
at org.testng.SuiteRunner.runTest(SuiteRunner.java:377)
at org.testng.SuiteRunner.runSequentially(SuiteRunner.java:371)
at org.testng.SuiteRunner.privateRun(SuiteRunner.java:332)
at org.testng.SuiteRunner.run(SuiteRunner.java:276)
at org.testng.SuiteRunnerWorker.runSuite(SuiteRunnerWorker.java:53)
at org.testng.SuiteRunnerWorker.run(SuiteRunnerWorker.java:96)
at org.testng.TestNG.runSuitesSequentially(TestNG.java:1212)
at org.testng.TestNG.runSuitesLocally(TestNG.java:1134)
at org.testng.TestNG.runSuites(TestNG.java:1063)
at org.testng.TestNG.run(TestNG.java:1031)
at org.testng.remote.AbstractRemoteTestNG.run(AbstractRemoteTestNG.java:115)
at org.testng.remote.RemoteTestNG.initAndRun(RemoteTestNG.java:251)
at org.testng.remote.RemoteTestNG.main(RemoteTestNG.java:77)
]]>
            </full-stacktrace>
          </exception> <!-- org.openqa.selenium.NoSuchSessionException -->
          <reporter-output>
          </reporter-output>
        </test-method> <!-- acConfig -->
        <test-method is-config="true" signature="asConfig()[pri:0, instance:vtiger.Organization.Tests.CreateOrganizationTest@4fb0f2b9]" started-at="2023-04-07T12:12:36 IST" name="asConfig" finished-at="2023-04-07T12:12:36 IST" duration-ms="1" status="PASS">
          <reporter-output>
          </reporter-output>
        </test-method> <!-- asConfig -->
      </class> <!-- vtiger.Organization.Tests.CreateOrganizationTest -->
    </test> <!-- Default test -->
  </suite> <!-- Default suite -->
</testng-results>
